<?xml version="1.0" encoding="UTF-8"?>
<!-- Generated by org.testng.reporters.JUnitReportReporter -->
<testsuite skipped="0" hostname="hd-4" name="obj1.ParameterByDataProvider" tests="5" failures="0" timestamp="30 Jun 2017 12:23:09 GMT" time="16.109" errors="0">
  <testcase name="testMethod" time="3.156" classname="obj1.ParameterByDataProvider"/>
  <testcase name="testMethod" time="3.234" classname="obj1.ParameterByDataProvider"/>
  <testcase name="testMethod" time="3.172" classname="obj1.ParameterByDataProvider"/>
  <testcase name="testMethod" time="3.219" classname="obj1.ParameterByDataProvider"/>
  <testcase name="testMethod" time="3.328" classname="obj1.ParameterByDataProvider"/>
</testsuite> <!-- obj1.ParameterByDataProvider -->
