<?xml version="1.0" encoding="UTF-8"?>
<!-- Generated by org.testng.reporters.JUnitReportReporter -->
<testsuite skipped="0" hostname="sys-PC" name="HowToDO" tests="1" failures="0" timestamp="06 Sep 2017 09:37:11 GMT" time="2.493" errors="0">
  <testcase name="Text3" time="2.493" classname="HowToDO"/>
</testsuite> <!-- HowToDO -->
