<?xml version="1.0" encoding="UTF-8"?>
<!-- Generated by org.testng.reporters.JUnitReportReporter -->
<testsuite skipped="0" hostname="hd-4" name="har.codetest" tests="2" failures="0" timestamp="01 Jul 2017 06:09:59 GMT" time="321.578" errors="0">
  <testcase name="assertequals" time="163.125" classname="har.codetest"/>
  <testcase name="asserttrue" time="158.453" classname="har.codetest"/>
</testsuite> <!-- har.codetest -->
