<?xml version="1.0" encoding="UTF-8"?>
<!-- Generated by org.testng.reporters.JUnitReportReporter -->
<testsuite hostname="hd-4" name="example1.example1.NewTesttakescreenshoot" tests="2" failures="0" timestamp="15 Jul 2017 12:05:25 GMT" time="26.500" errors="0">
  <testcase name="a" time="0.125" classname="example1.example1.NewTesttakescreenshoot"/>
  <testcase name="uploadFile" time="26.375" classname="example1.example1.NewTesttakescreenshoot"/>
</testsuite> <!-- example1.example1.NewTesttakescreenshoot -->
