<?xml version="1.0" encoding="UTF-8"?>
<!-- Generated by org.testng.reporters.JUnitReportReporter -->
<testsuite hostname="hd-4" name="example1.example1.NewTestup" tests="1" failures="0" timestamp="15 Jul 2017 11:16:05 GMT" time="10.922" errors="0">
  <testcase name="uploadFile" time="10.922" classname="example1.example1.NewTestup"/>
</testsuite> <!-- example1.example1.NewTestup -->
