<?xml version="1.0" encoding="UTF-8"?>
<!-- Generated by org.testng.reporters.JUnitReportReporter -->
<testsuite skipped="0" hostname="hd-4" name="har.assertion" tests="1" failures="0" timestamp="01 Jul 2017 05:57:29 GMT" time="12.312" errors="0">
  <testcase name="testCase1" time="12.312" classname="har.assertion"/>
</testsuite> <!-- har.assertion -->
