<?xml version="1.0" encoding="UTF-8"?>
<!-- Generated by org.testng.reporters.JUnitReportReporter -->
<testsuite skipped="0" hostname="hd-4" name="samples.login" tests="3" failures="0" timestamp="26 Jun 2017 09:20:20 GMT" time="0.015" errors="0">
  <testcase name="testLogout" time="0.000" classname="samples.login"/>
  <testcase name="testAccount" time="0.000" classname="samples.login"/>
  <testcase name="testLogin" time="0.015" classname="samples.login"/>
</testsuite> <!-- samples.login -->
