<?xml version="1.0" encoding="UTF-8"?>
<!-- Generated by org.testng.reporters.JUnitReportReporter -->
<testsuite skipped="0" hostname="hd-4" name="samples.exam2" tests="2" failures="0" timestamp="26 Jun 2017 09:53:39 GMT" time="0.000" errors="0">
  <testcase name="firstTestCase" time="0.000" classname="samples.exam2"/>
  <testcase name="secondTestCase" time="0.000" classname="samples.exam2"/>
</testsuite> <!-- samples.exam2 -->
