<?xml version="1.0" encoding="UTF-8"?>
<!-- Generated by org.testng.reporters.JUnitReportReporter -->
<testsuite skipped="0" hostname="hd-4" name="samples.exam1" tests="2" failures="0" timestamp="26 Jun 2017 09:53:39 GMT" time="0.031" errors="0">
  <testcase name="firstTestCase" time="0.016" classname="samples.exam1"/>
  <testcase name="secondTestCase" time="0.015" classname="samples.exam1"/>
</testsuite> <!-- samples.exam1 -->
