<?xml version="1.0" encoding="UTF-8"?>
<!-- Generated by org.testng.reporters.JUnitReportReporter -->
<testsuite skipped="0" hostname="hd-4" name="samples.Newtest" tests="3" failures="0" timestamp="26 Jun 2017 09:29:15 GMT" time="0.031" errors="0">
  <testcase name="method3" time="0.000" classname="samples.Newtest"/>
  <testcase name="method1" time="0.000" classname="samples.Newtest"/>
  <testcase name="method2" time="0.031" classname="samples.Newtest"/>
</testsuite> <!-- samples.Newtest -->
