<?xml version="1.0" encoding="UTF-8"?>
<!-- Generated by org.testng.reporters.JUnitReportReporter -->
<testsuite skipped="0" hostname="hd-4" name="samples.Dependency" tests="3" failures="0" timestamp="26 Jun 2017 12:00:00 GMT" time="0.031" errors="0">
  <testcase name="method1" time="0.000" classname="samples.Dependency"/>
  <testcase name="method2" time="0.000" classname="samples.Dependency"/>
  <testcase name="method3" time="0.031" classname="samples.Dependency"/>
</testsuite> <!-- samples.Dependency -->
