<?xml version="1.0" encoding="UTF-8"?>
<!-- Generated by org.testng.reporters.JUnitReportReporter -->
<testsuite skipped="0" hostname="hd-4" name="gmail.Signin" tests="1" failures="0" timestamp="27 Jun 2017 08:35:45 GMT" time="8.890" errors="0">
  <testcase name="testCase1" time="8.890" classname="gmail.Signin"/>
</testsuite> <!-- gmail.Signin -->
