<?xml version="1.0" encoding="UTF-8"?>
<!-- Generated by org.testng.reporters.JUnitReportReporter -->
<testsuite skipped="0" hostname="hd-4" name="gmail.gmailexample" tests="4" failures="0" timestamp="27 Jun 2017 06:37:34 GMT" time="0.047" errors="0">
  <testcase name="testCaseThree" time="0.000" classname="gmail.gmailexample"/>
  <testcase name="testCaseFour" time="0.047" classname="gmail.gmailexample"/>
  <testcase name="testCaseTwo" time="0.000" classname="gmail.gmailexample"/>
  <testcase name="testCaseOne" time="0.000" classname="gmail.gmailexample"/>
</testsuite> <!-- gmail.gmailexample -->
