<?xml version="1.0" encoding="UTF-8"?>
<!-- Generated by org.testng.reporters.JUnitReportReporter -->
<testsuite skipped="0" hostname="hd-4" name="obj1.assertion" tests="1" failures="0" timestamp="30 Jun 2017 04:46:09 GMT" time="25.140" errors="0">
  <testcase name="testCase1" time="25.140" classname="obj1.assertion"/>
</testsuite> <!-- obj1.assertion -->
