<?xml version="1.0" encoding="UTF-8"?>
<!-- Generated by org.testng.reporters.JUnitReportReporter -->
<testsuite skipped="0" hostname="hd-4" name="obj1.yahoo" tests="5" failures="0" timestamp="29 Jun 2017 11:54:00 GMT" time="45.859" errors="0">
  <testcase name="testCase1" time="14.515" classname="obj1.yahoo"/>
  <testcase name="testcase4" time="26.562" classname="obj1.yahoo"/>
  <testcase name="testcase5" time="0.360" classname="obj1.yahoo"/>
  <testcase name="testCase3" time="3.984" classname="obj1.yahoo"/>
  <testcase name="testCase2" time="0.438" classname="obj1.yahoo"/>
</testsuite> <!-- obj1.yahoo -->
