<?xml version="1.0" encoding="UTF-8"?>
<!-- Generated by org.testng.reporters.JUnitReportReporter -->
<testsuite skipped="0" hostname="hd-4" name="demo.Durgademo" tests="1" failures="0" timestamp="14 Jul 2017 07:18:53 GMT" time="15.984" errors="0">
  <testcase name="read" time="15.984" classname="demo.Durgademo"/>
</testsuite> <!-- demo.Durgademo -->
