<?xml version="1.0" encoding="UTF-8"?>
<!-- Generated by org.testng.reporters.JUnitReportReporter -->
<testsuite skipped="1" hostname="hd-4" name="demo.readandwrite" tests="1" failures="0" timestamp="12 Jul 2017 12:01:12 GMT" time="0.000" errors="0">
  <testcase name="f1" time="0.000" classname="demo.readandwrite">
    <skipped/>
  </testcase> <!-- f1 -->
</testsuite> <!-- demo.readandwrite -->
