<?xml version="1.0" encoding="UTF-8"?>
<!-- Generated by org.testng.reporters.JUnitReportReporter -->
<testsuite skipped="0" hostname="hd-4" name="element.pomimport" tests="1" failures="0" timestamp="22 Jul 2017 11:55:18 GMT" time="17.953" errors="0">
  <testcase name="level" time="17.953" classname="element.pomimport"/>
</testsuite> <!-- element.pomimport -->
