<?xml version="1.0" encoding="UTF-8"?>
<!-- Generated by org.testng.reporters.JUnitReportReporter -->
<testsuite skipped="0" hostname="hd-4" name="New.Newtest1.times" tests="1" failures="0" timestamp="12 Jul 2017 05:35:20 GMT" time="4.984" errors="0">
  <testcase name="testTimes" time="4.984" classname="New.Newtest1.times"/>
</testsuite> <!-- New.Newtest1.times -->
