<?xml version="1.0" encoding="UTF-8"?>
<!-- Generated by org.testng.reporters.JUnitReportReporter -->
<testsuite skipped="0" hostname="hd-4" name="chennnailondon.london" tests="1" failures="0" timestamp="26 Jun 2017 08:36:08 GMT" time="4.234" errors="0">
  <testcase name="testLng" time="4.234" classname="chennnailondon.london"/>
</testsuite> <!-- chennnailondon.london -->
