<?xml version="1.0" encoding="UTF-8"?>
<!-- Generated by org.testng.reporters.JUnitReportReporter -->
<testsuite skipped="0" hostname="hd-4" name="pop.popup" tests="1" failures="0" timestamp="04 Jul 2017 10:14:06 GMT" time="10.375" errors="0">
  <testcase name="Text3" time="10.375" classname="pop.popup"/>
</testsuite> <!-- pop.popup -->
