<?xml version="1.0" encoding="UTF-8"?>
<!-- Generated by org.testng.reporters.JUnitReportReporter -->
<testsuite skipped="0" hostname="hd-4" name="samples.testNGPriorityExample" tests="1" failures="0" timestamp="26 Jun 2017 07:18:07 GMT" time="0.031" errors="0">
  <testcase name="zogin" time="0.031" classname="samples.testNGPriorityExample"/>
</testsuite> <!-- samples.testNGPriorityExample -->
