<?xml version="1.0" encoding="UTF-8"?>
<!-- Generated by org.testng.reporters.JUnitReportReporter -->
<testsuite skipped="0" hostname="hd-4" name="samples.ex1" tests="2" failures="0" timestamp="26 Jun 2017 09:34:24 GMT" time="0.000" errors="0">
  <testcase name="testCase2" time="0.000" classname="samples.ex1"/>
  <testcase name="testCase1" time="0.000" classname="samples.ex1"/>
</testsuite> <!-- samples.ex1 -->
