<?xml version="1.0" encoding="UTF-8"?>
<!-- Generated by org.testng.reporters.JUnitReportReporter -->
<testsuite skipped="0" hostname="hd-4" name="chennnailondon.chennai" tests="1" failures="0" timestamp="26 Jun 2017 08:41:22 GMT" time="2.485" errors="0">
  <testcase name="testCng" time="2.485" classname="chennnailondon.chennai"/>
</testsuite> <!-- chennnailondon.chennai -->
