<?xml version="1.0" encoding="UTF-8"?>
<!-- Generated by org.testng.reporters.JUnitReportReporter -->
<testsuite skipped="0" hostname="hd-4" name="samples.ex2" tests="3" failures="0" timestamp="26 Jun 2017 07:22:50 GMT" time="0.031" errors="0">
  <testcase name="registerAccount" time="0.031" classname="samples.ex2"/>
  <testcase name="login" time="0.000" classname="samples.ex2"/>
  <testcase name="sendEmail" time="0.000" classname="samples.ex2"/>
</testsuite> <!-- samples.ex2 -->
