<?xml version="1.0" encoding="UTF-8"?>
<!-- Generated by org.testng.reporters.JUnitReportReporter -->
<testsuite skipped="0" hostname="hd-4" name="obj1.ParameterWithTestNGXML" tests="2" failures="0" timestamp="30 Jun 2017 12:09:22 GMT" time="6.751" errors="0">
  <testcase name="testParameterWithXML" time="3.360" classname="obj1.ParameterWithTestNGXML"/>
  <testcase name="testParameterWithXML" time="3.391" classname="obj1.ParameterWithTestNGXML"/>
</testsuite> <!-- obj1.ParameterWithTestNGXML -->
