<?xml version="1.0" encoding="UTF-8"?>
<!-- Generated by org.testng.reporters.JUnitReportReporter -->
<testsuite skipped="0" hostname="hd-4" name="obj1.dependent" tests="2" failures="0" timestamp="21 Jul 2017 09:12:34 GMT" time="0.032" errors="0">
  <testcase name="ZSignIn" time="0.000" classname="obj1.dependent"/>
  <testcase name="OpenBrowser" time="0.032" classname="obj1.dependent"/>
</testsuite> <!-- obj1.dependent -->
