<?xml version="1.0" encoding="UTF-8"?>
<!-- Generated by org.testng.reporters.JUnitReportReporter -->
<testsuite name="Testcase.Fullmodulerun1" tests="1" time="107.962" ignored="0" failures="0" timestamp="11 Sep 2017 09:55:27 GMT" skipped="0" hostname="AG300617-9" errors="0">
  <testcase name="replacedoc" time="107.962" classname="Testcase.Fullmodulerun1"/>
</testsuite> <!-- Testcase.Fullmodulerun1 -->
