<?xml version="1.0" encoding="UTF-8"?>
<!-- Generated by org.testng.reporters.JUnitReportReporter -->
<testsuite skipped="0" hostname="hd-4" name="examples.times" tests="1" failures="0" timestamp="12 Jul 2017 04:52:53 GMT" time="2.750" errors="0">
  <testcase name="testTimes" time="2.750" classname="examples.times"/>
</testsuite> <!-- examples.times -->
