<?xml version="1.0" encoding="UTF-8"?>
<!-- Generated by org.testng.reporters.JUnitReportReporter -->
<testsuite name="Testcase.TestCases" tests="6" time="489.599" ignored="0" failures="0" timestamp="12 Sep 2017 08:15:27 GMT" skipped="0" hostname="AG300617-9" errors="0">
  <testcase name="Replacedoc" time="102.342" classname="Testcase.TestCases"/>
  <testcase name="listing" time="66.792" classname="Testcase.TestCases"/>
  <testcase name="delete" time="127.863" classname="Testcase.TestCases"/>
  <testcase name="fetch" time="60.483" classname="Testcase.TestCases"/>
  <testcase name="forward" time="48.361" classname="Testcase.TestCases"/>
  <testcase name="features" time="83.758" classname="Testcase.TestCases"/>
</testsuite> <!-- Testcase.TestCases -->
