<?xml version="1.0" encoding="UTF-8"?>
<!-- Generated by org.testng.reporters.JUnitReportReporter -->
<testsuite name="Testcase.TestCases" tests="6" time="515.687" ignored="0" failures="0" timestamp="16 Sep 2017 11:44:24 GMT" skipped="0" hostname="AG300617-9" errors="0">
  <testcase name="listing" time="77.660" classname="Testcase.TestCases"/>
  <testcase name="fetch" time="61.761" classname="Testcase.TestCases"/>
  <testcase name="forward" time="55.808" classname="Testcase.TestCases"/>
  <testcase name="delete" time="140.256" classname="Testcase.TestCases"/>
  <testcase name="features" time="68.305" classname="Testcase.TestCases"/>
  <testcase name="Replacedoc" time="111.897" classname="Testcase.TestCases"/>
</testsuite> <!-- Testcase.TestCases -->
