<?xml version="1.0" encoding="UTF-8"?>
<!-- Generated by org.testng.reporters.JUnitReportReporter -->
<testsuite skipped="0" hostname="hd-4" name="demo.myprogram" tests="1" failures="0" timestamp="14 Jul 2017 08:44:39 GMT" time="0.031" errors="0">
  <testcase name="f" time="0.031" classname="demo.myprogram"/>
</testsuite> <!-- demo.myprogram -->
