<?xml version="1.0" encoding="UTF-8"?>
<!-- Generated by org.testng.reporters.JUnitReportReporter -->
<testsuite skipped="1" hostname="hd-4" name="demo.gmailTest" tests="1" failures="0" timestamp="12 Jul 2017 11:08:31 GMT" time="0.000" errors="0">
  <testcase name="f1" time="0.000" classname="demo.gmailTest">
    <skipped/>
  </testcase> <!-- f1 -->
</testsuite> <!-- demo.gmailTest -->
